<?xml version="1.0" encoding="UTF-8"?>
<testsuite xmlns:xsi="http://www.w3.org/2001/XMLSchema-instance" xsi:noNamespaceSchemaLocation="https://maven.apache.org/surefire/maven-surefire-plugin/xsd/surefire-test-report.xsd" version="3.0.2" name="com.mpp.findy.FindyApplicationTests" time="2.809" tests="1" errors="0" skipped="0" failures="0">
  <properties>
[...]
</properties>
  <testcase name="contextLoads" classname="com.mpp.findy.FindyApplicationTests" time="0.586">
    <system-out><![CDATA[22:17:53.210 [main] INFO org.springframework.test.context.support.AnnotationConfigContextLoaderUtils -- Could not detect default configuration classes for test class [com.mpp.findy.FindyApplicationTests]: FindyApplicationTests does not declare any static, non-private, non-final, nested classes annotated with @Configuration.
22:17:53.304 [main] INFO org.springframework.boot.test.context.SpringBootTestContextBootstrapper -- Found @SpringBootConfiguration com.mpp.findy.FindyApplication for test class com.mpp.findy.FindyApplicationTests
22:17:53.452 [main] INFO org.springframework.boot.devtools.restart.RestartApplicationListener -- Restart disabled due to context in which it is running

  .   ____          _            __ _ _
 /\\ / ___'_ __ _ _(_)_ __  __ _ \ \ \ \
( ( )\___ | '_ | '_| | '_ \/ _` | \ \ \ \
 \\/  ___)| |_)| | | | | || (_| |  ) ) ) )
  '  |____| .__|_| |_|_| |_\__, | / / / /
 =========|_|==============|___/=/_/_/_/

 :: Spring Boot ::                (v3.5.7)

2025-11-17T22:17:53.716-03:00  INFO 40722 --- [scraper] [           main] com.mpp.findy.FindyApplicationTests      : Starting FindyApplicationTests using Java 21.0.8 with PID 40722 (started by marcelo in /home/marcelo/Projects/customizable-workflow-scraper)
2025-11-17T22:17:53.717-03:00  INFO 40722 --- [scraper] [           main] com.mpp.findy.FindyApplicationTests      : No active profile set, falling back to 1 default profile: "default"
2025-11-17T22:17:54.290-03:00  INFO 40722 --- [scraper] [           main] faultConfiguringBeanFactoryPostProcessor : No bean named 'errorChannel' has been explicitly defined. Therefore, a default PublishSubscribeChannel will be created.
2025-11-17T22:17:54.302-03:00  INFO 40722 --- [scraper] [           main] faultConfiguringBeanFactoryPostProcessor : No bean named 'integrationHeaderChannelRegistry' has been explicitly defined. Therefore, a default DefaultHeaderChannelRegistry will be created.
2025-11-17T22:17:54.970-03:00  WARN 40722 --- [scraper] [           main] .s.s.UserDetailsServiceAutoConfiguration : 

Using generated security password: b7870a26-fde7-4f1e-bccb-6aaad83729d3

This generated password is for development use only. Your security configuration must be updated before running your application in production.

2025-11-17T22:17:54.976-03:00  INFO 40722 --- [scraper] [           main] r$InitializeUserDetailsManagerConfigurer : Global AuthenticationManager configured with UserDetailsService bean with name inMemoryUserDetailsManager
2025-11-17T22:17:55.283-03:00  INFO 40722 --- [scraper] [           main] o.s.i.endpoint.EventDrivenConsumer       : Adding {logging-channel-adapter:_org.springframework.integration.errorLogger} as a subscriber to the 'errorChannel' channel
2025-11-17T22:17:55.283-03:00  INFO 40722 --- [scraper] [           main] o.s.i.channel.PublishSubscribeChannel    : Channel 'scraper.errorChannel' has 1 subscriber(s).
2025-11-17T22:17:55.284-03:00  INFO 40722 --- [scraper] [           main] o.s.i.endpoint.EventDrivenConsumer       : started bean '_org.springframework.integration.errorLogger'
2025-11-17T22:17:55.297-03:00  INFO 40722 --- [scraper] [           main] com.mpp.findy.FindyApplicationTests      : Started FindyApplicationTests in 1.852 seconds (process running for 2.755)
]]></system-out>
    <system-err><![CDATA[Mockito is currently self-attaching to enable the inline-mock-maker. This will no longer work in future releases of the JDK. Please add Mockito as an agent to your build as described in Mockito's documentation: https://javadoc.io/doc/org.mockito/mockito-core/latest/org.mockito/org/mockito/Mockito.html#0.3
WARNING: A Java agent has been loaded dynamically (/home/marcelo/.m2/repository/net/bytebuddy/byte-buddy-agent/1.17.8/byte-buddy-agent-1.17.8.jar)
WARNING: If a serviceability tool is in use, please run with -XX:+EnableDynamicAgentLoading to hide this warning
WARNING: If a serviceability tool is not in use, please run with -Djdk.instrument.traceUsage for more information
WARNING: Dynamic loading of agents will be disallowed by default in a future release
]]></system-err>
  </testcase>
</testsuite>